ď»ż
> nextjs@0.1.0 prebuild
> node scripts/dup-guard.js


> nextjs@0.1.0 build
> node scripts/next-build.js

   Î“Ă»â–“ Next.js 15.5.7
   - Environments: .env.local
   - Experiments (use with caution):
     Î“ÂżÂ» webpackBuildWorker

   Creating an optimized production build ...
 Î“ÂŁĂ´ Compiled successfully in 37.1s
   Skipping linting
   Checking validity of types ...
   Collecting page data ...
   Generating static pages (0/218) ...
   Generating static pages (54/218) 
   Generating static pages (108/218) 
   Generating static pages (163/218) 
 Î“ÂŁĂ´ Generating static pages (218/218)
   Finalizing page optimization ...
   Collecting build traces ...

Route (app)                                                                Size  First Load JS
Î“Ă¶Ă® Î“ĂąĂŻ /                                                                   1.19 kB         140 kB
Î“Ă¶ÂŁ â•žĂ† /_not-found                                                           412 B         102 kB
Î“Ă¶ÂŁ â•žĂ† /about                                                                256 B         106 kB
Î“Ă¶ÂŁ â•žĂ† /admin                                                                187 B         106 kB
Î“Ă¶ÂŁ â•žĂ† /admin/activity-log                                                   412 B         102 kB
Î“Ă¶ÂŁ â•žĂ† /admin/categories                                                     256 B         106 kB
Î“Ă¶ÂŁ â•žĂ† /admin/clasificados                                                   412 B         102 kB
Î“Ă¶ÂŁ â•žĂ† /admin/clasificados/servicios                                         412 B         102 kB
Î“Ă¶ÂŁ â•žĂ† /admin/clasificados/viajes                                            187 B         106 kB
Î“Ă¶ÂŁ â•žĂ† /admin/clasificados/viajes/affiliate-cards                          3.29 kB         109 kB
Î“Ă¶ÂŁ Î“ĂąĂ… /admin/clasificados/viajes/affiliate-cards/[id]/edit                  128 B         109 kB
Î“Ă¶ÂŁ   Î“Ă¶ÂŁ /admin/clasificados/viajes/affiliate-cards/aff-001/edit
Î“Ă¶ÂŁ   Î“Ă¶ÂŁ /admin/clasificados/viajes/affiliate-cards/aff-002/edit
Î“Ă¶ÂŁ   Î“Ă¶ÂŁ /admin/clasificados/viajes/affiliate-cards/aff-003/edit
Î“Ă¶ÂŁ   Î“Ă¶Ă¶ [+2 more paths]
Î“Ă¶ÂŁ â•žĂ† /admin/clasificados/viajes/affiliate-cards/new                        128 B         109 kB
Î“Ă¶ÂŁ â•žĂ† /admin/clasificados/viajes/business-offers                          3.09 kB         108 kB
Î“Ă¶ÂŁ â•žĂ† /admin/clasificados/viajes/businesses                               2.17 kB         108 kB
Î“Ă¶ÂŁ â•žĂ† /admin/clasificados/viajes/campaigns                                2.16 kB         107 kB
Î“Ă¶ÂŁ â•žĂ† /admin/clasificados/viajes/editorial                                  412 B         102 kB
Î“Ă¶ÂŁ â•žĂ† /admin/clasificados/viajes/settings                                   412 B         102 kB
Î“Ă¶ÂŁ â•žĂ† /admin/draw                                                           256 B         106 kB
Î“Ă¶ÂŁ Î“ĂąĂŻ /admin/login                                                        1.06 kB         106 kB
Î“Ă¶ÂŁ â•žĂ† /admin/login/submit                                                   412 B         102 kB
Î“Ă¶ÂŁ â•žĂ† /admin/magazine                                                       412 B         102 kB
Î“Ă¶ÂŁ â•žĂ† /admin/ops                                                            256 B         106 kB
Î“Ă¶ÂŁ â•žĂ† /admin/payments                                                       256 B         106 kB
Î“Ă¶ÂŁ â•žĂ† /admin/reportes                                                     2.32 kB         108 kB
Î“Ă¶ÂŁ â•žĂ† /admin/settings                                                       256 B         106 kB
Î“Ă¶ÂŁ â•žĂ† /admin/site-settings                                                  256 B         106 kB
Î“Ă¶ÂŁ â•žĂ† /admin/support                                                        256 B         106 kB
Î“Ă¶ÂŁ â•žĂ† /admin/team                                                           412 B         102 kB
Î“Ă¶ÂŁ â•žĂ† /admin/tienda                                                         256 B         106 kB
Î“Ă¶ÂŁ â•žĂ† /admin/tienda/catalog                                                 184 B         111 kB
Î“Ă¶ÂŁ â•žĂ† /admin/tienda/catalog/[id]                                            184 B         111 kB
Î“Ă¶ÂŁ â•žĂ† /admin/tienda/catalog/new                                             256 B         106 kB
Î“Ă¶ÂŁ â•žĂ† /admin/tienda/orders                                                  256 B         106 kB
Î“Ă¶ÂŁ â•žĂ† /admin/tienda/orders/[id]                                             256 B         106 kB
Î“Ă¶ÂŁ â•žĂ† /admin/usuarios                                                       912 B         106 kB
Î“Ă¶ÂŁ â•žĂ† /admin/usuarios/[id]                                                  912 B         106 kB
Î“Ă¶ÂŁ â•žĂ† /admin/website-content                                                412 B         102 kB
Î“Ă¶ÂŁ â•žĂ† /admin/workspace                                                      256 B         106 kB
Î“Ă¶ÂŁ â•žĂ† /admin/workspace/anunciate                                            187 B         106 kB
Î“Ă¶ÂŁ â•žĂ† /admin/workspace/clasificados                                       7.86 kB         113 kB
Î“Ă¶ÂŁ â•žĂ† /admin/workspace/clasificados/autos                                   256 B         106 kB
Î“Ă¶ÂŁ â•žĂ† /admin/workspace/clasificados/category/[slug]                         619 B         106 kB
Î“Ă¶ÂŁ â•žĂ† /admin/workspace/clasificados/category/editor/[slug]                  256 B         106 kB
Î“Ă¶ÂŁ â•žĂ† /admin/workspace/clasificados/category/en-venta                       256 B         106 kB
Î“Ă¶ÂŁ â•žĂ† /admin/workspace/clasificados/empleos                               3.63 kB         109 kB
Î“Ă¶ÂŁ â•žĂ† /admin/workspace/clasificados/rentas/[id]                             256 B         106 kB
Î“Ă¶ÂŁ â•žĂ† /admin/workspace/clasificados/restaurantes                            947 B         106 kB
Î“Ă¶ÂŁ â•žĂ† /admin/workspace/clasificados/servicios                               256 B         106 kB
Î“Ă¶ÂŁ â•žĂ† /admin/workspace/clasificados/servicios/sandbox                     5.51 kB         111 kB
Î“Ă¶ÂŁ â•žĂ† /admin/workspace/contacto                                             256 B         106 kB
Î“Ă¶ÂŁ â•žĂ† /admin/workspace/contacto/content                                     256 B         106 kB
Î“Ă¶ÂŁ â•žĂ† /admin/workspace/cupones                                              187 B         106 kB
Î“Ă¶ÂŁ â•žĂ† /admin/workspace/cupones/content                                      256 B         106 kB
Î“Ă¶ÂŁ â•žĂ† /admin/workspace/home                                                 256 B         106 kB
Î“Ă¶ÂŁ â•žĂ† /admin/workspace/home/content                                         256 B         106 kB
Î“Ă¶ÂŁ â•žĂ† /admin/workspace/iglesias                                             187 B         106 kB
Î“Ă¶ÂŁ â•žĂ† /admin/workspace/iglesias/content                                     256 B         106 kB
Î“Ă¶ÂŁ â•žĂ† /admin/workspace/nosotros                                             256 B         106 kB
Î“Ă¶ÂŁ â•žĂ† /admin/workspace/nosotros/content                                     256 B         106 kB
Î“Ă¶ÂŁ â•žĂ† /admin/workspace/noticias                                             187 B         106 kB
Î“Ă¶ÂŁ â•žĂ† /admin/workspace/noticias/content                                     256 B         106 kB
Î“Ă¶ÂŁ â•žĂ† /admin/workspace/revista                                            2.92 kB         108 kB
Î“Ă¶ÂŁ â•žĂ† /admin/workspace/tienda                                               187 B         106 kB
Î“Ă¶ÂŁ â•žĂ† /admin/workspace/tienda/storefront                                    256 B         106 kB
Î“Ă¶ÂŁ â•žĂ† /api/admin/empleos/listings                                           412 B         102 kB
Î“Ă¶ÂŁ â•žĂ† /api/admin/empleos/listings/moderate                                  412 B         102 kB
Î“Ă¶ÂŁ â•žĂ† /api/admin/magazine/upload                                            412 B         102 kB
Î“Ă¶ÂŁ â•žĂ† /api/admin/restaurantes/listings/[id]                                 412 B         102 kB
Î“Ă¶ÂŁ â•žĂ† /api/admin/viajes/staged-listings                                     412 B         102 kB
Î“Ă¶ÂŁ â•žĂ† /api/admin/viajes/staged-listings/moderate                            412 B         102 kB
Î“Ă¶ÂŁ â•žĂ† /api/clasificados/autos/checkout                                      412 B         102 kB
Î“Ă¶ÂŁ â•žĂ† /api/clasificados/autos/checkout/cancel                               412 B         102 kB
Î“Ă¶ÂŁ â•žĂ† /api/clasificados/autos/checkout/verify                               412 B         102 kB
Î“Ă¶ÂŁ â•žĂ† /api/clasificados/autos/checkout/verify-internal                      412 B         102 kB
Î“Ă¶ÂŁ â•žĂ† /api/clasificados/autos/listings                                      412 B         102 kB
Î“Ă¶ÂŁ â•žĂ† /api/clasificados/autos/listings/[id]                                 412 B         102 kB
Î“Ă¶ÂŁ â•žĂ† /api/clasificados/autos/listings/[id]/analytics                       412 B         102 kB
Î“Ă¶ÂŁ â•žĂ† /api/clasificados/autos/listings/[id]/unpublish                       412 B         102 kB
Î“Ă¶ÂŁ â•žĂ† /api/clasificados/autos/public/analytics/event                        412 B         102 kB
Î“Ă¶ÂŁ â•žĂ† /api/clasificados/autos/public/listings                               412 B         102 kB
Î“Ă¶ÂŁ â•žĂ† /api/clasificados/autos/public/listings/[id]                          412 B         102 kB
Î“Ă¶ÂŁ â•žĂ† /api/clasificados/autos/stripe/webhook                                412 B         102 kB
Î“Ă¶ÂŁ â•žĂ† /api/clasificados/distance                                            412 B         102 kB
Î“Ă¶ÂŁ â•žĂ† /api/clasificados/empleos/applications                                412 B         102 kB
Î“Ă¶ÂŁ â•žĂ† /api/clasificados/empleos/applications/[id]                           412 B         102 kB
Î“Ă¶ÂŁ â•žĂ† /api/clasificados/empleos/listings                                    412 B         102 kB
Î“Ă¶ÂŁ â•žĂ† /api/clasificados/empleos/listings/[listingId]                        412 B         102 kB
Î“Ă¶ÂŁ â•žĂ† /api/clasificados/empleos/listings/[listingId]/applications           412 B         102 kB
Î“Ă¶ÂŁ â•žĂ† /api/clasificados/empleos/listings/public-view                        412 B         102 kB
Î“Ă¶ÂŁ â•žĂ† /api/clasificados/en-venta/dev-seed-listing                           412 B         102 kB
Î“Ă¶ÂŁ â•žĂ† /api/clasificados/en-venta/inquiry                                    412 B         102 kB
Î“Ă¶ÂŁ â•žĂ† /api/clasificados/leonix/stripe/checkout                              412 B         102 kB
Î“Ă¶ÂŁ â•žĂ† /api/clasificados/listings/[id]/views                                 412 B         102 kB
Î“Ă¶ÂŁ â•žĂ† /api/clasificados/rentas/inquiry                                      412 B         102 kB
Î“Ă¶ÂŁ â•žĂ† /api/clasificados/restaurantes/draft-media-upload                     412 B         102 kB
Î“Ă¶ÂŁ â•žĂ† /api/clasificados/restaurantes/publish                                412 B         102 kB
Î“Ă¶ÂŁ â•žĂ† /api/clasificados/servicios/analytics                                 412 B         102 kB
Î“Ă¶ÂŁ â•žĂ† /api/clasificados/servicios/dev-listings                              412 B         102 kB
Î“Ă¶ÂŁ â•žĂ† /api/clasificados/servicios/inquiry                                   412 B         102 kB
Î“Ă¶ÂŁ â•žĂ† /api/clasificados/servicios/manage                                    412 B         102 kB
Î“Ă¶ÂŁ â•žĂ† /api/clasificados/servicios/my-leads                                  412 B         102 kB
Î“Ă¶ÂŁ â•žĂ† /api/clasificados/servicios/my-listings                               412 B         102 kB
Î“Ă¶ÂŁ â•žĂ† /api/clasificados/servicios/publish                                   412 B         102 kB
Î“Ă¶ÂŁ â•žĂ† /api/clasificados/servicios/review                                    412 B         102 kB
Î“Ă¶ÂŁ â•žĂ† /api/clasificados/servicios/smoke-row                                 412 B         102 kB
Î“Ă¶ÂŁ â•žĂ† /api/clasificados/viajes/inquiry                                      412 B         102 kB
Î“Ă¶ÂŁ â•žĂ† /api/clasificados/viajes/staged-owner                                 412 B         102 kB
Î“Ă¶ÂŁ â•žĂ† /api/clasificados/viajes/submit                                       412 B         102 kB
Î“Ă¶ÂŁ â•žĂ† /api/contact                                                          412 B         102 kB
Î“Ă¶ÂŁ â•žĂ† /api/debug/mux-env                                                    412 B         102 kB
Î“Ă¶ÂŁ â•žĂ† /api/magazine/manifest                                                412 B         102 kB
Î“Ă¶ÂŁ â•žĂ† /api/mux/delete-assets                                                412 B         102 kB
Î“Ă¶ÂŁ â•žĂ† /api/mux/direct-upload                                                412 B         102 kB
Î“Ă¶ÂŁ â•žĂ† /api/mux/upload-status                                                412 B         102 kB
Î“Ă¶ÂŁ â•žĂ† /api/rss                                                              412 B         102 kB
Î“Ă¶ÂŁ â•žĂ† /api/seller-stats                                                     412 B         102 kB
Î“Ă¶ÂŁ â•žĂ† /api/supabase-test                                                    412 B         102 kB
Î“Ă¶ÂŁ â•žĂ† /api/test-env                                                         412 B         102 kB
Î“Ă¶ÂŁ â•žĂ† /api/tienda/assets/upload                                             412 B         102 kB
Î“Ă¶ÂŁ â•žĂ† /api/tienda/contact                                                   412 B         102 kB
Î“Ă¶ÂŁ â•žĂ† /api/tienda/orders                                                    412 B         102 kB
Î“Ă¶ÂŁ â•žĂ† /api/tienda/orders/prepare                                            412 B         102 kB
Î“Ă¶ÂŁ â•žĂ† /api/tienda/self-serve-pricing                                        412 B         102 kB
Î“Ă¶ÂŁ Î“ĂąĂŻ /auth/callback                                                      2.06 kB         153 kB
Î“Ă¶ÂŁ Î“ĂąĂŻ /clasificados                                                       6.11 kB         171 kB
Î“Ă¶ÂŁ â•žĂ† /clasificados/anuncio/[id]                                          33.2 kB         253 kB
Î“Ă¶ÂŁ Î“ĂąĂŻ /clasificados/autos                                                 9.06 kB         179 kB
Î“Ă¶ÂŁ Î“ĂąĂŻ /clasificados/autos/negocios/preview                                4.26 kB         235 kB
Î“Ă¶ÂŁ Î“ĂąĂŻ /clasificados/autos/pago/cancelado                                  4.44 kB         159 kB
Î“Ă¶ÂŁ Î“ĂąĂŻ /clasificados/autos/pago/error                                      3.76 kB         109 kB
Î“Ă¶ÂŁ Î“ĂąĂŻ /clasificados/autos/pago/exito                                      4.58 kB         159 kB
Î“Ă¶ÂŁ Î“ĂąĂŻ /clasificados/autos/privado/preview                                 4.28 kB         235 kB
Î“Ă¶ÂŁ Î“ĂąĂŻ /clasificados/autos/resultados                                      12.2 kB         225 kB
Î“Ă¶ÂŁ â•žĂ† /clasificados/autos/vehiculo/[id]                                   6.57 kB         238 kB
Î“Ă¶ÂŁ Î“ĂąĂŻ /clasificados/bienes-raices                                         10.3 kB         231 kB
Î“Ă¶ÂŁ â•žĂ† /clasificados/bienes-raices/anuncio/[id]                              412 B         102 kB
Î“Ă¶ÂŁ Î“ĂąĂŻ /clasificados/bienes-raices/negocio/preview-mockup                  3.15 kB         127 kB
Î“Ă¶ÂŁ Î“ĂąĂŻ /clasificados/bienes-raices/preview                                   256 B         106 kB
Î“Ă¶ÂŁ Î“ĂąĂŻ /clasificados/bienes-raices/preview/negocio                         10.6 kB         220 kB
Î“Ă¶ÂŁ Î“ĂąĂŻ /clasificados/bienes-raices/preview/privado                         2.96 kB         246 kB
Î“Ă¶ÂŁ Î“ĂąĂŻ /clasificados/bienes-raices/resultados                              11.4 kB         232 kB
Î“Ă¶ÂŁ Î“ĂąĂŻ /clasificados/clases                                                4.58 kB         169 kB
Î“Ă¶ÂŁ Î“ĂąĂŻ /clasificados/comunidad                                             4.54 kB         169 kB
Î“Ă¶ÂŁ Î“ĂąĂŻ /clasificados/cuenta                                                2.23 kB         162 kB
Î“Ă¶ÂŁ Î“ĂąĂŻ /clasificados/empleos                                               9.41 kB         140 kB
Î“Ă¶ÂŁ â•žĂ† /clasificados/empleos/[slug]                                        14.8 kB         214 kB
Î“Ă¶ÂŁ Î“ĂąĂŻ /clasificados/empleos/feria-preview                                 6.79 kB         260 kB
Î“Ă¶ÂŁ Î“ĂąĂŻ /clasificados/empleos/premium-preview                               5.27 kB         266 kB
Î“Ă¶ÂŁ Î“ĂąĂŻ /clasificados/empleos/quick-preview                                 7.31 kB         265 kB
Î“Ă¶ÂŁ â•žĂ† /clasificados/empleos/resultados                                    10.8 kB         141 kB
Î“Ă¶ÂŁ â•žĂ† /clasificados/en-venta                                              7.01 kB         155 kB
Î“Ă¶ÂŁ Î“ĂąĂŻ /clasificados/en-venta/launch-checklist                               256 B         106 kB
Î“Ă¶ÂŁ Î“ĂąĂŻ /clasificados/en-venta/preview                                      13.5 kB         252 kB
Î“Ă¶ÂŁ Î“ĂąĂŻ /clasificados/en-venta/results                                      19.1 kB         220 kB
Î“Ă¶ÂŁ Î“ĂąĂŻ /clasificados/login                                                   635 B         103 kB
Î“Ă¶ÂŁ Î“ĂąĂŻ /clasificados/negocios                                                916 B         106 kB
Î“Ă¶ÂŁ â•žĂ† /clasificados/publicar                                              5.59 kB         119 kB
Î“Ă¶ÂŁ â•žĂ† /clasificados/publicar/[category]                                   2.91 kB         108 kB
Î“Ă¶ÂŁ Î“ĂąĂŻ /clasificados/publicar/bienes-raices                                  256 B         106 kB
Î“Ă¶ÂŁ Î“ĂąĂŻ /clasificados/publicar/bienes-raices/negocio                        13.6 kB         206 kB
Î“Ă¶ÂŁ Î“ĂąĂŻ /clasificados/publicar/bienes-raices/privado                          139 B         140 kB
Î“Ă¶ÂŁ â•žĂ† /clasificados/publicar/clases                                         412 B         102 kB
Î“Ă¶ÂŁ â•žĂ† /clasificados/publicar/comunidad                                      412 B         102 kB
Î“Ă¶ÂŁ Î“ĂąĂŻ /clasificados/publicar/empleos                                        133 B         113 kB
Î“Ă¶ÂŁ â•žĂ† /clasificados/publicar/en-venta                                     2.33 kB         113 kB
Î“Ă¶ÂŁ â•žĂ† /clasificados/publicar/en-venta/free                                1.63 kB         262 kB
Î“Ă¶ÂŁ â•žĂ† /clasificados/publicar/en-venta/pro                                 1.72 kB         262 kB
Î“Ă¶ÂŁ Î“ĂąĂŻ /clasificados/publicar/en-venta/storefront                           1.3 kB         107 kB
Î“Ă¶ÂŁ â•žĂ† /clasificados/publicar/rentas                                         256 B         106 kB
Î“Ă¶ÂŁ Î“ĂąĂŻ /clasificados/publicar/rentas/negocio                                 146 B         146 kB
Î“Ă¶ÂŁ Î“ĂąĂŻ /clasificados/publicar/rentas/privado                                 143 B         145 kB
Î“Ă¶ÂŁ Î“ĂąĂŻ /clasificados/publicar/servicios                                    36.1 kB         290 kB
Î“Ă¶ÂŁ Î“ĂąĂŻ /clasificados/publicar/servicios/preview                            10.4 kB         302 kB
Î“Ă¶ÂŁ Î“ĂąĂŻ /clasificados/reglas                                                1.46 kB         107 kB
Î“Ă¶ÂŁ â•žĂ† /clasificados/rentas                                                6.71 kB         190 kB
Î“Ă¶ÂŁ â•žĂ† /clasificados/rentas/anuncio/[id]                                     412 B         102 kB
Î“Ă¶ÂŁ â•žĂ† /clasificados/rentas/listing/[id]                                    7.4 kB         185 kB
Î“Ă¶ÂŁ Î“ĂąĂŻ /clasificados/rentas/preview/negocio                                3.71 kB         261 kB
Î“Ă¶ÂŁ Î“ĂąĂŻ /clasificados/rentas/preview/privado                                7.02 kB         259 kB
Î“Ă¶ÂŁ â•žĂ† /clasificados/rentas/results                                        10.3 kB         193 kB
Î“Ă¶ÂŁ â•žĂ† /clasificados/restaurantes                                          9.94 kB         195 kB
Î“Ă¶ÂŁ â•žĂ† /clasificados/restaurantes/[slug]                                     214 B         189 kB
Î“Ă¶ÂŁ â•žĂ† /clasificados/restaurantes/paquetes                                   184 B         111 kB
Î“Ă¶ÂŁ Î“ĂąĂŻ /clasificados/restaurantes/preview                                  13.1 kB         217 kB
Î“Ă¶ÂŁ â•žĂ† /clasificados/restaurantes/publicar                                   412 B         102 kB
Î“Ă¶ÂŁ â•žĂ† /clasificados/restaurantes/resultados                               14.4 kB         200 kB
Î“Ă¶ÂŁ Î“ĂąĂŻ /clasificados/restaurantes/shell                                      214 B         189 kB
Î“Ă¶ÂŁ â•žĂ† /clasificados/servicios                                             3.05 kB         177 kB
Î“Ă¶ÂŁ â•žĂ† /clasificados/servicios/[slug]                                        282 B         212 kB
Î“Ă¶ÂŁ â•žĂ† /clasificados/servicios/resultados                                   4.8 kB         179 kB
Î“Ă¶ÂŁ â•žĂ† /clasificados/travel                                                  412 B         102 kB
Î“Ă¶ÂŁ Î“ĂąĂŻ /clasificados/viajes                                                17.1 kB         202 kB
Î“Ă¶ÂŁ Î“ĂąĂ… /clasificados/viajes/negocio/[slug]                                   808 B         166 kB
Î“Ă¶ÂŁ Î“ĂąĂ… /clasificados/viajes/oferta/[slug]                                    839 B         169 kB
Î“Ă¶ÂŁ â•žĂ† /clasificados/viajes/preview                                          839 B         169 kB
Î“Ă¶ÂŁ Î“ĂąĂŻ /clasificados/viajes/preview/negocios                               3.89 kB         195 kB
Î“Ă¶ÂŁ Î“ĂąĂŻ /clasificados/viajes/preview/privado                                3.53 kB         194 kB
Î“Ă¶ÂŁ â•žĂ† /clasificados/viajes/resultados                                     6.28 kB         191 kB
Î“Ă¶ÂŁ Î“ĂąĂŻ /contact                                                            1.78 kB         104 kB
Î“Ă¶ÂŁ â•žĂ† /contacto                                                            1.9 kB         107 kB
Î“Ă¶ÂŁ â•žĂ† /coupons                                                            1.61 kB         146 kB
Î“Ă¶ÂŁ â•žĂ† /cupones                                                            1.61 kB         146 kB
Î“Ă¶ÂŁ Î“ĂąĂŻ /dashboard                                                          7.03 kB         172 kB
Î“Ă¶ÂŁ â•žĂ† /dashboard/analiticas                                                 412 B         102 kB
Î“Ă¶ÂŁ Î“ĂąĂŻ /dashboard/analytics                                                4.01 kB         169 kB
Î“Ă¶ÂŁ â•žĂ† /dashboard/borradores                                                 412 B         102 kB
Î“Ă¶ÂŁ Î“ĂąĂŻ /dashboard/business-tools                                           3.51 kB         168 kB
Î“Ă¶ÂŁ Î“ĂąĂŻ /dashboard/drafts                                                   5.25 kB         170 kB
Î“Ă¶ÂŁ Î“ĂąĂŻ /dashboard/empleos                                                  2.54 kB         167 kB
Î“Ă¶ÂŁ â•žĂ† /dashboard/empleos/[listingId]                                      2.65 kB         168 kB
Î“Ă¶ÂŁ Î“ĂąĂŻ /dashboard/guardados                                                3.68 kB         169 kB
Î“Ă¶ÂŁ Î“ĂąĂŻ /dashboard/mensajes                                                   179 B         169 kB
Î“Ă¶ÂŁ Î“ĂąĂŻ /dashboard/messages                                                   232 B         169 kB
Î“Ă¶ÂŁ Î“ĂąĂŻ /dashboard/mis-anuncios                                             19.3 kB         264 kB
Î“Ă¶ÂŁ â•žĂ† /dashboard/mis-anuncios/[id]                                        6.28 kB         251 kB
Î“Ă¶ÂŁ â•žĂ† /dashboard/mis-anuncios/[id]/editar                                 4.05 kB         240 kB
Î“Ă¶ÂŁ Î“ĂąĂŻ /dashboard/notificaciones                                           4.24 kB         169 kB
Î“Ă¶ÂŁ â•žĂ† /dashboard/notifications                                              412 B         102 kB
Î“Ă¶ÂŁ Î“ĂąĂŻ /dashboard/perfil                                                   7.76 kB         210 kB
Î“Ă¶ÂŁ Î“ĂąĂŻ /dashboard/restaurantes                                             7.36 kB         180 kB
Î“Ă¶ÂŁ Î“ĂąĂŻ /dashboard/servicios                                                4.09 kB         169 kB
Î“Ă¶ÂŁ Î“ĂąĂŻ /dashboard/viajes                                                   4.37 kB         169 kB
Î“Ă¶ÂŁ Î“ĂąĂŻ /dashboard/vistos-recientes                                         3.32 kB         168 kB
Î“Ă¶ÂŁ Î“ĂąĂŻ /home                                                               1.95 kB         141 kB
Î“Ă¶ÂŁ â•žĂ† /iglesias                                                             749 B         103 kB
Î“Ă¶ÂŁ Î“ĂąĂŻ /legal                                                                490 B         102 kB
Î“Ă¶ÂŁ Î“ĂąĂŻ /login                                                              4.49 kB         159 kB
Î“Ă¶ÂŁ Î“ĂąĂŻ /magazine                                                           3.73 kB         111 kB
Î“Ă¶ÂŁ Î“ĂąĂŻ /magazine/2026                                                      2.46 kB         167 kB
Î“Ă¶ÂŁ Î“ĂąĂŻ /magazine/2026/april                                                  412 B         102 kB
Î“Ă¶ÂŁ Î“ĂąĂŻ /magazine/2026/april/read                                             412 B         102 kB
Î“Ă¶ÂŁ Î“ĂąĂŻ /magazine/2026/august                                                 412 B         102 kB
Î“Ă¶ÂŁ Î“ĂąĂŻ /magazine/2026/august/read                                            412 B         102 kB
Î“Ă¶ÂŁ Î“ĂąĂŻ /magazine/2026/december                                               412 B         102 kB
Î“Ă¶ÂŁ Î“ĂąĂŻ /magazine/2026/december/read                                          412 B         102 kB
Î“Ă¶ÂŁ Î“ĂąĂŻ /magazine/2026/february                                               412 B         102 kB
Î“Ă¶ÂŁ Î“ĂąĂŻ /magazine/2026/february/read                                          412 B         102 kB
Î“Ă¶ÂŁ Î“ĂąĂŻ /magazine/2026/january                                              1.18 kB         166 kB
Î“Ă¶ÂŁ Î“ĂąĂŻ /magazine/2026/january/read                                           412 B         102 kB
Î“Ă¶ÂŁ Î“ĂąĂŻ /magazine/2026/july                                                   412 B         102 kB
Î“Ă¶ÂŁ Î“ĂąĂŻ /magazine/2026/july/read                                              412 B         102 kB
Î“Ă¶ÂŁ Î“ĂąĂŻ /magazine/2026/june                                                   412 B         102 kB
Î“Ă¶ÂŁ Î“ĂąĂŻ /magazine/2026/june/read                                              412 B         102 kB
Î“Ă¶ÂŁ Î“ĂąĂŻ /magazine/2026/march                                                  412 B         102 kB
Î“Ă¶ÂŁ Î“ĂąĂŻ /magazine/2026/march/read                                             412 B         102 kB
Î“Ă¶ÂŁ Î“ĂąĂŻ /magazine/2026/may                                                    412 B         102 kB
Î“Ă¶ÂŁ Î“ĂąĂŻ /magazine/2026/may/read                                               412 B         102 kB
Î“Ă¶ÂŁ Î“ĂąĂŻ /magazine/2026/november                                               412 B         102 kB
Î“Ă¶ÂŁ Î“ĂąĂŻ /magazine/2026/november/read                                          412 B         102 kB
Î“Ă¶ÂŁ Î“ĂąĂŻ /magazine/2026/october                                                412 B         102 kB
Î“Ă¶ÂŁ Î“ĂąĂŻ /magazine/2026/october/read                                           412 B         102 kB
Î“Ă¶ÂŁ Î“ĂąĂŻ /magazine/2026/september                                              412 B         102 kB
Î“Ă¶ÂŁ Î“ĂąĂŻ /magazine/2026/september/read                                         412 B         102 kB
Î“Ă¶ÂŁ â•žĂ† /noticias                                                           4.25 kB         148 kB
Î“Ă¶ÂŁ Î“ĂąĂŻ /publicar/autos                                                      3.2 kB         111 kB
Î“Ă¶ÂŁ Î“ĂąĂŻ /publicar/autos/negocios                                            6.47 kB         222 kB
Î“Ă¶ÂŁ Î“ĂąĂŻ /publicar/autos/negocios/confirm                                     2.7 kB         204 kB
Î“Ă¶ÂŁ Î“ĂąĂŻ /publicar/autos/privado                                             6.25 kB         222 kB
Î“Ă¶ÂŁ Î“ĂąĂŻ /publicar/autos/privado/confirm                                     2.47 kB         204 kB
Î“Ă¶ÂŁ Î“ĂąĂŻ /publicar/bienes-raices                                             3.29 kB         111 kB
Î“Ă¶ÂŁ Î“ĂąĂŻ /publicar/bienes-raices/negocios                                      412 B         102 kB
Î“Ă¶ÂŁ Î“ĂąĂŻ /publicar/bienes-raices/privado                                       139 B         140 kB
Î“Ă¶ÂŁ Î“ĂąĂŻ /publicar/clases/quick                                                286 B         199 kB
Î“Ă¶ÂŁ Î“ĂąĂŻ /publicar/clases/quick/preview                                        287 B         195 kB
Î“Ă¶ÂŁ Î“ĂąĂŻ /publicar/comunidad/quick                                             288 B         199 kB
Î“Ă¶ÂŁ Î“ĂąĂŻ /publicar/comunidad/quick/preview                                     290 B         195 kB
Î“Ă¶ÂŁ Î“ĂąĂŻ /publicar/empleos                                                     134 B         113 kB
Î“Ă¶ÂŁ Î“ĂąĂŻ /publicar/empleos/feria                                              6.1 kB         247 kB
Î“Ă¶ÂŁ Î“ĂąĂŻ /publicar/empleos/premium                                           5.57 kB         255 kB
Î“Ă¶ÂŁ Î“ĂąĂŻ /publicar/empleos/quick                                             5.89 kB         256 kB
Î“Ă¶ÂŁ Î“ĂąĂŻ /publicar/rentas/negocio                                              145 B         146 kB
Î“Ă¶ÂŁ Î“ĂąĂŻ /publicar/rentas/privado                                              143 B         145 kB
Î“Ă¶ÂŁ Î“ĂąĂŻ /publicar/restaurantes                                              22.9 kB         215 kB
Î“Ă¶ÂŁ Î“ĂąĂŻ /publicar/viajes                                                    5.06 kB         167 kB
Î“Ă¶ÂŁ Î“ĂąĂŻ /publicar/viajes/enviado                                            2.03 kB         162 kB
Î“Ă¶ÂŁ Î“ĂąĂŻ /publicar/viajes/negocios                                           9.23 kB         175 kB
Î“Ă¶ÂŁ Î“ĂąĂŻ /publicar/viajes/privado                                            8.61 kB         174 kB
Î“Ă¶ÂŁ Î“ĂąĂŻ /robots.txt                                                           412 B         102 kB
Î“Ă¶ÂŁ â•žĂ† /servicios/perfil/[slug]                                              279 B         212 kB
Î“Ă¶ÂŁ Î“ĂąĂŻ /servicios/perfil/preview                                             742 B         230 kB
Î“Ă¶ÂŁ â•žĂ† /servicios/publicar                                                   412 B         102 kB
Î“Ă¶ÂŁ Î“ĂąĂŻ /sitemap.xml                                                          412 B         102 kB
Î“Ă¶ÂŁ â•žĂ† /tienda                                                               791 B         111 kB
Î“Ă¶ÂŁ â•žĂ† /tienda/c/[slug]                                                      791 B         111 kB
Î“Ă¶ÂŁ â•žĂ† /tienda/catalog/[slug]                                                795 B         111 kB
Î“Ă¶ÂŁ Î“ĂąĂ… /tienda/checkout/[source]/[slug]                                      758 B         128 kB
Î“Ă¶ÂŁ   Î“Ă¶ÂŁ /tienda/checkout/business-cards/standard-business-cards
Î“Ă¶ÂŁ   Î“Ă¶ÂŁ /tienda/checkout/business-cards/two-sided-business-cards
Î“Ă¶ÂŁ   Î“Ă¶ÂŁ /tienda/checkout/print-upload/flyers-standard
Î“Ă¶ÂŁ   Î“Ă¶Ă¶ [+4 more paths]
Î“Ă¶ÂŁ Î“ĂąĂ… /tienda/configure/business-cards/[slug]                             31.6 kB         201 kB
Î“Ă¶ÂŁ   Î“Ă¶ÂŁ /tienda/configure/business-cards/standard-business-cards
Î“Ă¶ÂŁ   Î“Ă¶Ă¶ /tienda/configure/business-cards/two-sided-business-cards
Î“Ă¶ÂŁ Î“ĂąĂ… /tienda/configure/business-cards/leo/[slug]                         5.33 kB         159 kB
Î“Ă¶ÂŁ   Î“Ă¶ÂŁ /tienda/configure/business-cards/leo/standard-business-cards
Î“Ă¶ÂŁ   Î“Ă¶Ă¶ /tienda/configure/business-cards/leo/two-sided-business-cards
Î“Ă¶ÂŁ Î“ĂąĂ… /tienda/configure/business-cards/upload/[slug]                      8.83 kB         137 kB
Î“Ă¶ÂŁ   Î“Ă¶ÂŁ /tienda/configure/business-cards/upload/standard-business-cards
Î“Ă¶ÂŁ   Î“Ă¶Ă¶ /tienda/configure/business-cards/upload/two-sided-business-cards
Î“Ă¶ÂŁ Î“ĂąĂ… /tienda/configure/print-upload/[slug]                               13.4 kB         126 kB
Î“Ă¶ÂŁ   Î“Ă¶ÂŁ /tienda/configure/print-upload/flyers-standard
Î“Ă¶ÂŁ   Î“Ă¶ÂŁ /tienda/configure/print-upload/brochures-standard
Î“Ă¶ÂŁ   Î“Ă¶ÂŁ /tienda/configure/print-upload/retractable-banners
Î“Ă¶ÂŁ   Î“Ă¶Ă¶ [+2 more paths]
Î“Ă¶ÂŁ â•žĂ† /tienda/contacto                                                    2.19 kB         108 kB
Î“Ă¶ÂŁ Î“ĂąĂ… /tienda/order/[source]/[slug]                                         14 kB         184 kB
Î“Ă¶ÂŁ   Î“Ă¶ÂŁ /tienda/order/business-cards/standard-business-cards
Î“Ă¶ÂŁ   Î“Ă¶ÂŁ /tienda/order/business-cards/two-sided-business-cards
Î“Ă¶ÂŁ   Î“Ă¶ÂŁ /tienda/order/print-upload/flyers-standard
Î“Ă¶ÂŁ   Î“Ă¶Ă¶ [+4 more paths]
Î“Ă¶ÂŁ â•žĂ† /tienda/order/complete                                              3.21 kB         109 kB
Î“Ă¶Ă¶ Î“ĂąĂ… /tienda/p/[slug]                                                    1.13 kB         112 kB
    Î“Ă¶ÂŁ /tienda/p/standard-business-cards
    Î“Ă¶ÂŁ /tienda/p/two-sided-business-cards
    Î“Ă¶ÂŁ /tienda/p/flyers-standard
    Î“Ă¶Ă¶ [+11 more paths]
+ First Load JS shared by all                                            102 kB
  Î“Ă¶ÂŁ chunks/1255-642c76f13c20a3ec.js                                     45.5 kB
  Î“Ă¶ÂŁ chunks/4bd1b696-100b9d70ed4e49c1.js                                 54.2 kB
  Î“Ă¶Ă¶ other shared chunks (total)                                         2.15 kB

Route (pages)                                                              Size  First Load JS
Î“Ă¶Ă®   /_app                                                                   0 B        81.8 kB
Î“Ă¶ÂŁ â•žĂ† /api/coupons                                                            0 B        81.8 kB
Î“Ă¶Ă¶ â•žĂ† /api/entries                                                            0 B        81.8 kB
+ First Load JS shared by all                                           81.8 kB
  Î“Ă¶ÂŁ chunks/framework-b9fd9bcc3ecde907.js                                44.8 kB
  Î“Ă¶ÂŁ chunks/main-3178a1907bf07fb0.js                                     34.8 kB
  Î“Ă¶Ă¶ other shared chunks (total)                                          2.2 kB

â•žĂ† Middleware                                                              34 kB

Î“ĂąĂŻ  (Static)   prerendered as static content
Î“ĂąĂ…  (SSG)      prerendered as static HTML (uses generateStaticParams)
â•žĂ†  (Dynamic)  server-rendered on demand

